<?xml version="1.0" encoding="UTF-8"?>
<testng-results skipped="0" failed="0" total="1" passed="1">
  <reporter-output>
  </reporter-output>
  <suite name="Suite" duration-ms="36416" started-at="2014-08-05T17:26:57Z" finished-at="2014-08-05T17:27:33Z">
    <groups>
    </groups>
    <test name="Test" duration-ms="36416" started-at="2014-08-05T17:26:57Z" finished-at="2014-08-05T17:27:33Z">
      <class name="persistent.mavenproject.Login">
        <test-method status="PASS" signature="f()[pri:0, instance:persistent.mavenproject.Login@64a584]" name="f" duration-ms="36359" started-at="2014-08-05T22:56:57Z" finished-at="2014-08-05T22:57:33Z">
          <reporter-output>
          </reporter-output>
        </test-method> <!-- f -->
      </class> <!-- persistent.mavenproject.Login -->
    </test> <!-- Test -->
  </suite> <!-- Suite -->
</testng-results>
